2017-02-13 13:38:15,855 t_global_data.py[line:25] INFO -------Global_data init
2017-02-13 13:38:15,855 t_global_data.py[line:27] INFO -------FILE_PATH F:\pythonCode\lxdzx/files/
2017-02-13 13:38:15,857 t_global_data.py[line:28] INFO -------Global_data init over
2017-02-13 13:38:16,242 t_global_data.py[line:25] INFO -------Global_data init
2017-02-13 13:38:16,243 t_global_data.py[line:27] INFO -------FILE_PATH F:\pythonCode\lxdzx/files/
2017-02-13 13:38:16,243 t_global_data.py[line:28] INFO -------Global_data init over
2017-02-13 13:38:26,227 base.py[line:152] WARNING Not Found: /favicon.ico
2017-02-13 13:38:26,799 base.py[line:152] WARNING Not Found: /favicon.ico
2017-02-13 17:15:02,805 t_global_data.py[line:25] INFO -------Global_data init
2017-02-13 17:15:02,826 t_global_data.py[line:27] INFO -------FILE_PATH F:\pythonCode\lxdzx/files/
2017-02-13 17:15:02,828 t_global_data.py[line:28] INFO -------Global_data init over
2017-02-13 17:15:05,380 t_global_data.py[line:25] INFO -------Global_data init
2017-02-13 17:15:05,381 t_global_data.py[line:27] INFO -------FILE_PATH F:\pythonCode\lxdzx/files/
2017-02-13 17:15:05,381 t_global_data.py[line:28] INFO -------Global_data init over
2017-02-13 17:15:19,028 t_global_data.py[line:25] INFO -------Global_data init
2017-02-13 17:15:19,028 t_global_data.py[line:27] INFO -------FILE_PATH F:\pythonCode\lxdzx/files/
2017-02-13 17:15:19,028 t_global_data.py[line:28] INFO -------Global_data init over
2017-02-13 17:22:09,946 t_global_data.py[line:25] INFO -------Global_data init
2017-02-13 17:22:09,947 t_global_data.py[line:27] INFO -------FILE_PATH F:\pythonCode\lxdzx/files/
2017-02-13 17:22:09,947 t_global_data.py[line:28] INFO -------Global_data init over
2017-02-13 17:22:35,709 t_global_data.py[line:25] INFO -------Global_data init
2017-02-13 17:22:35,709 t_global_data.py[line:27] INFO -------FILE_PATH F:\pythonCode\lxdzx/files/
2017-02-13 17:22:35,710 t_global_data.py[line:28] INFO -------Global_data init over
2017-02-13 17:23:04,440 t_global_data.py[line:25] INFO -------Global_data init
2017-02-13 17:23:04,440 t_global_data.py[line:27] INFO -------FILE_PATH F:\pythonCode\lxdzx/files/
2017-02-13 17:23:04,441 t_global_data.py[line:28] INFO -------Global_data init over
2017-02-13 17:23:08,151 t_global_data.py[line:25] INFO -------Global_data init
2017-02-13 17:23:08,151 t_global_data.py[line:27] INFO -------FILE_PATH F:\pythonCode\lxdzx/files/
2017-02-13 17:23:08,151 t_global_data.py[line:28] INFO -------Global_data init over
2017-02-13 17:23:27,522 t_global_data.py[line:25] INFO -------Global_data init
2017-02-13 17:23:27,523 t_global_data.py[line:27] INFO -------FILE_PATH F:\pythonCode\lxdzx/files/
2017-02-13 17:23:27,523 t_global_data.py[line:28] INFO -------Global_data init over
2017-02-13 17:23:32,243 t_global_data.py[line:25] INFO -------Global_data init
2017-02-13 17:23:32,243 t_global_data.py[line:27] INFO -------FILE_PATH F:\pythonCode\lxdzx/files/
2017-02-13 17:23:32,243 t_global_data.py[line:28] INFO -------Global_data init over
2017-02-13 17:25:32,756 t_global_data.py[line:25] INFO -------Global_data init
2017-02-13 17:25:32,756 t_global_data.py[line:27] INFO -------FILE_PATH F:\pythonCode\lxdzx/files/
2017-02-13 17:25:32,756 t_global_data.py[line:28] INFO -------Global_data init over
2017-02-13 17:25:57,290 t_global_data.py[line:25] INFO -------Global_data init
2017-02-13 17:25:57,292 t_global_data.py[line:27] INFO -------FILE_PATH F:\pythonCode\lxdzx/files/
2017-02-13 17:25:57,292 t_global_data.py[line:28] INFO -------Global_data init over
2017-02-13 17:26:23,006 t_global_data.py[line:25] INFO -------Global_data init
2017-02-13 17:26:23,006 t_global_data.py[line:27] INFO -------FILE_PATH F:\pythonCode\lxdzx/files/
2017-02-13 17:26:23,006 t_global_data.py[line:28] INFO -------Global_data init over
2017-02-13 17:26:23,359 t_global_data.py[line:25] INFO -------Global_data init
2017-02-13 17:26:23,361 t_global_data.py[line:27] INFO -------FILE_PATH F:\pythonCode\lxdzx/files/
2017-02-13 17:26:23,361 t_global_data.py[line:28] INFO -------Global_data init over
2017-02-13 17:27:01,358 t_global_data.py[line:25] INFO -------Global_data init
2017-02-13 17:27:01,358 t_global_data.py[line:27] INFO -------FILE_PATH F:\pythonCode\lxdzx/files/
2017-02-13 17:27:01,359 t_global_data.py[line:28] INFO -------Global_data init over
2017-02-13 17:27:32,322 t_global_data.py[line:25] INFO -------Global_data init
2017-02-13 17:27:32,322 t_global_data.py[line:27] INFO -------FILE_PATH F:\pythonCode\lxdzx/files/
2017-02-13 17:27:32,322 t_global_data.py[line:28] INFO -------Global_data init over
2017-02-13 17:28:24,993 t_global_data.py[line:25] INFO -------Global_data init
2017-02-13 17:28:24,994 t_global_data.py[line:27] INFO -------FILE_PATH F:\pythonCode\lxdzx/files/
2017-02-13 17:28:24,994 t_global_data.py[line:28] INFO -------Global_data init over
2017-02-14 10:27:54,799 t_global_data.py[line:25] INFO -------Global_data init
2017-02-14 10:27:54,799 t_global_data.py[line:27] INFO -------FILE_PATH F:\pythonCode\lxdzx/files/
2017-02-14 10:27:54,799 t_global_data.py[line:28] INFO -------Global_data init over
2017-02-14 10:27:55,201 t_global_data.py[line:25] INFO -------Global_data init
2017-02-14 10:27:55,201 t_global_data.py[line:27] INFO -------FILE_PATH F:\pythonCode\lxdzx/files/
2017-02-14 10:27:55,201 t_global_data.py[line:28] INFO -------Global_data init over
2017-02-14 10:28:28,355 t_global_data.py[line:25] INFO -------Global_data init
2017-02-14 10:28:28,355 t_global_data.py[line:27] INFO -------FILE_PATH F:\pythonCode\lxdzx/files/
2017-02-14 10:28:28,355 t_global_data.py[line:28] INFO -------Global_data init over
2017-02-14 10:28:33,128 t_global_data.py[line:25] INFO -------Global_data init
2017-02-14 10:28:33,128 t_global_data.py[line:27] INFO -------FILE_PATH F:\pythonCode\lxdzx/files/
2017-02-14 10:28:33,128 t_global_data.py[line:28] INFO -------Global_data init over
2017-02-14 10:28:51,680 base.py[line:152] WARNING Not Found: /favicon.ico
2017-02-14 10:30:10,232 t_global_data.py[line:25] INFO -------Global_data init
2017-02-14 10:30:10,233 t_global_data.py[line:27] INFO -------FILE_PATH F:\pythonCode\lxdzx/files/
2017-02-14 10:30:10,233 t_global_data.py[line:28] INFO -------Global_data init over
2017-02-14 10:31:26,351 base.py[line:152] WARNING Not Found: /favicon.ico
2017-02-14 11:06:12,456 base.py[line:152] WARNING Not Found: /index.html
2017-02-14 11:30:26,575 base.py[line:152] WARNING Not Found: /index.html
2017-02-14 11:30:27,730 base.py[line:152] WARNING Not Found: /index.html
2017-02-14 11:30:27,987 base.py[line:152] WARNING Not Found: /index.html
2017-02-14 11:30:28,224 base.py[line:152] WARNING Not Found: /index.html
2017-02-14 11:30:28,433 base.py[line:152] WARNING Not Found: /index.html
